#
# There is insufficient memory for the Java Runtime Environment to continue.
# Native memory allocation (malloc) failed to allocate 32744 bytes for ChunkPool::allocate
# Possible reasons:
#   The system is out of physical RAM or swap space
#   In 32 bit mode, the process size limit was hit
# Possible solutions:
#   Reduce memory load on the system
#   Increase physical memory or swap space
#   Check if swap backing store is full
#   Use 64 bit Java on a 64 bit OS
#   Decrease Java heap size (-Xmx/-Xms)
#   Decrease number of Java threads
#   Decrease Java thread stack sizes (-Xss)
#   Set larger code cache with -XX:ReservedCodeCacheSize=
# This output file may be truncated or incomplete.
#
#  Out of Memory Error (allocation.cpp:211), pid=11800, tid=1660
#
# JRE version: Java(TM) SE Runtime Environment (7.0_40-b43) (build 1.7.0_40-b43)
# Java VM: Java HotSpot(TM) 64-Bit Server VM (24.0-b56 mixed mode windows-amd64 compressed oops)
# Failed to write core dump. Minidumps are not enabled by default on client versions of Windows
#

---------------  T H R E A D  ---------------

Current thread (0x0000000009cdb800):  JavaThread "C2 CompilerThread1" daemon [_thread_in_native, id=1660, stack(0x000000000a2a0000,0x000000000a3a0000)]

Stack: [0x000000000a2a0000,0x000000000a3a0000]

Current CompileTask:
C2:   9142  234             java.net.URI$Parser::scan (73 bytes)


---------------  P R O C E S S  ---------------

Java Threads: ( => current thread )
  0x000000000c42b800 JavaThread "Timer-1" daemon [_thread_blocked, id=10512, stack(0x000000000ce60000,0x000000000cf60000)]
  0x000000000bc5c000 JavaThread "Timer-0" daemon [_thread_blocked, id=7324, stack(0x000000000cbb0000,0x000000000ccb0000)]
  0x0000000009ff2000 JavaThread "164819763@qtp-1212885122-1 - Acceptor0 SelectChannelConnector@127.0.0.1:8080" [_thread_in_native, id=12416, stack(0x000000000ba90000,0x000000000bb90000)]
  0x000000000a021000 JavaThread "1602585075@qtp-1212885122-0" [_thread_blocked, id=8464, stack(0x000000000b940000,0x000000000ba40000)]
  0x0000000009d74800 JavaThread "Monitor Ctrl-Break" daemon [_thread_in_native, id=10460, stack(0x000000000a940000,0x000000000aa40000)]
  0x0000000009cdc800 JavaThread "Service Thread" daemon [_thread_blocked, id=7532, stack(0x000000000a470000,0x000000000a570000)]
=>0x0000000009cdb800 JavaThread "C2 CompilerThread1" daemon [_thread_in_native, id=1660, stack(0x000000000a2a0000,0x000000000a3a0000)]
  0x0000000009cdb000 JavaThread "C2 CompilerThread0" daemon [_thread_in_native, id=10692, stack(0x000000000a120000,0x000000000a220000)]
  0x000000000866f800 JavaThread "Attach Listener" daemon [_thread_blocked, id=5796, stack(0x0000000009870000,0x0000000009970000)]
  0x0000000008668800 JavaThread "Signal Dispatcher" daemon [_thread_blocked, id=6848, stack(0x0000000009ba0000,0x0000000009ca0000)]
  0x0000000008612800 JavaThread "Finalizer" daemon [_thread_blocked, id=9392, stack(0x00000000099f0000,0x0000000009af0000)]
  0x000000000860f800 JavaThread "Reference Handler" daemon [_thread_blocked, id=12020, stack(0x0000000009740000,0x0000000009840000)]
  0x0000000002279000 JavaThread "main" [_thread_blocked, id=1812, stack(0x0000000002490000,0x0000000002590000)]

Other Threads:
  0x000000000860c000 VMThread [stack: 0x0000000009550000,0x0000000009650000] [id=7740]
  0x0000000009ce9000 WatcherThread [stack: 0x000000000a700000,0x000000000a800000] [id=12868]

VM state:not at safepoint (normal execution)

VM Mutex/Monitor currently owned by a thread: None

Heap
 PSYoungGen      total 72704K, used 11229K [0x00000000eb200000, 0x00000000f0000000, 0x0000000100000000)
  eden space 65536K, 9% used [0x00000000eb200000,0x00000000eb80fb28,0x00000000ef200000)
  from space 7168K, 70% used [0x00000000ef900000,0x00000000efde7b98,0x00000000f0000000)
  to   space 7168K, 0% used [0x00000000ef200000,0x00000000ef200000,0x00000000ef900000)
 ParOldGen       total 42496K, used 8381K [0x00000000c1600000, 0x00000000c3f80000, 0x00000000eb200000)
  object space 42496K, 19% used [0x00000000c1600000,0x00000000c1e2f780,0x00000000c3f80000)
 PSPermGen       total 21504K, used 19594K [0x00000000bc400000, 0x00000000bd900000, 0x00000000c1600000)
  object space 21504K, 91% used [0x00000000bc400000,0x00000000bd722960,0x00000000bd900000)

Card table byte_map: [0x0000000005790000,0x00000000059b0000] byte_map_base: 0x00000000051ae000

Polling page: 0x0000000000150000

Code Cache  [0x0000000002790000, 0x0000000002a00000, 0x0000000005790000)
 total_blobs=551 nmethods=227 adapters=276 free_code_cache=48011Kb largest_free_block=49108672

Compilation events (10 events):
Event: 4.198 Thread 0x0000000009cdb800 nmethod 229 0x00000000028ac490 code [0x00000000028ac5e0, 0x00000000028ac848]
Event: 4.199 Thread 0x0000000009cdb800  230             java.util.ArrayList::ensureExplicitCapacity (26 bytes)
Event: 4.202 Thread 0x0000000009cdb800 nmethod 230 0x00000000028abf50 code [0x00000000028ac0a0, 0x00000000028ac2e8]
Event: 4.202 Thread 0x0000000009cdb800  231   !         java.util.zip.ZipFile::getEntry (86 bytes)
Event: 4.207 Thread 0x0000000009cdb800 nmethod 231 0x00000000028ab590 code [0x00000000028ab700, 0x00000000028abbf0]
Event: 4.212 Thread 0x0000000009cdb800  233             org.mortbay.io.ByteArrayBuffer::hashCode (124 bytes)
Event: 4.217 Thread 0x0000000009cdb800 nmethod 233 0x0000000002820890 code [0x00000000028209c0, 0x0000000002820c18]
Event: 4.253 Thread 0x0000000009cdb000 nmethod 228 0x00000000028b6c50 code [0x00000000028b6ee0, 0x00000000028b8cf0]
Event: 9.135 Thread 0x0000000009cdb800  234             java.net.URI$Parser::scan (73 bytes)
Event: 9.137 Thread 0x0000000009cdb000  235             java.net.URI$Parser::scan (50 bytes)

GC Heap History (10 events):
Event: 1.798 GC heap before
{Heap before GC invocations=2 (full 0):
 PSYoungGen      total 18944K, used 18858K [0x00000000eb200000, 0x00000000ec700000, 0x0000000100000000)
  eden space 16384K, 100% used [0x00000000eb200000,0x00000000ec200000,0x00000000ec200000)
  from space 2560K, 96% used [0x00000000ec200000,0x00000000ec46abc0,0x00000000ec480000)
  to   space 2560K, 0% used [0x00000000ec480000,0x00000000ec480000,0x00000000ec700000)
 ParOldGen       total 42496K, used 0K [0x00000000c1600000, 0x00000000c3f80000, 0x00000000eb200000)
  object space 42496K, 0% used [0x00000000c1600000,0x00000000c1600000,0x00000000c3f80000)
 PSPermGen       total 21504K, used 11965K [0x00000000bc400000, 0x00000000bd900000, 0x00000000c1600000)
  object space 21504K, 55% used [0x00000000bc400000,0x00000000bcfaf6c8,0x00000000bd900000)
Event: 1.809 GC heap after
Heap after GC invocations=2 (full 0):
 PSYoungGen      total 18944K, used 2552K [0x00000000eb200000, 0x00000000ed700000, 0x0000000100000000)
  eden space 16384K, 0% used [0x00000000eb200000,0x00000000eb200000,0x00000000ec200000)
  from space 2560K, 99% used [0x00000000ec480000,0x00000000ec6fe160,0x00000000ec700000)
  to   space 2560K, 0% used [0x00000000ec200000,0x00000000ec200000,0x00000000ec480000)
 ParOldGen       total 42496K, used 1190K [0x00000000c1600000, 0x00000000c3f80000, 0x00000000eb200000)
  object space 42496K, 2% used [0x00000000c1600000,0x00000000c1729b10,0x00000000c3f80000)
 PSPermGen       total 21504K, used 11965K [0x00000000bc400000, 0x00000000bd900000, 0x00000000c1600000)
  object space 21504K, 55% used [0x00000000bc400000,0x00000000bcfaf6c8,0x00000000bd900000)
}
Event: 2.304 GC heap before
{Heap before GC invocations=3 (full 0):
 PSYoungGen      total 18944K, used 18936K [0x00000000eb200000, 0x00000000ed700000, 0x0000000100000000)
  eden space 16384K, 100% used [0x00000000eb200000,0x00000000ec200000,0x00000000ec200000)
  from space 2560K, 99% used [0x00000000ec480000,0x00000000ec6fe160,0x00000000ec700000)
  to   space 2560K, 0% used [0x00000000ec200000,0x00000000ec200000,0x00000000ec480000)
 ParOldGen       total 42496K, used 1190K [0x00000000c1600000, 0x00000000c3f80000, 0x00000000eb200000)
  object space 42496K, 2% used [0x00000000c1600000,0x00000000c1729b10,0x00000000c3f80000)
 PSPermGen       total 21504K, used 14064K [0x00000000bc400000, 0x00000000bd900000, 0x00000000c1600000)
  object space 21504K, 65% used [0x00000000bc400000,0x00000000bd1bc188,0x00000000bd900000)
Event: 2.312 GC heap after
Heap after GC invocations=3 (full 0):
 PSYoungGen      total 18944K, used 2529K [0x00000000eb200000, 0x00000000ed700000, 0x0000000100000000)
  eden space 16384K, 0% used [0x00000000eb200000,0x00000000eb200000,0x00000000ec200000)
  from space 2560K, 98% used [0x00000000ec200000,0x00000000ec4785c8,0x00000000ec480000)
  to   space 2560K, 0% used [0x00000000ed480000,0x00000000ed480000,0x00000000ed700000)
 ParOldGen       total 42496K, used 2235K [0x00000000c1600000, 0x00000000c3f80000, 0x00000000eb200000)
  object space 42496K, 5% used [0x00000000c1600000,0x00000000c182edc8,0x00000000c3f80000)
 PSPermGen       total 21504K, used 14064K [0x00000000bc400000, 0x00000000bd900000, 0x00000000c1600000)
  object space 21504K, 65% used [0x00000000bc400000,0x00000000bd1bc188,0x00000000bd900000)
}
Event: 2.953 GC heap before
{Heap before GC invocations=4 (full 0):
 PSYoungGen      total 18944K, used 18913K [0x00000000eb200000, 0x00000000ed700000, 0x0000000100000000)
  eden space 16384K, 100% used [0x00000000eb200000,0x00000000ec200000,0x00000000ec200000)
  from space 2560K, 98% used [0x00000000ec200000,0x00000000ec4785c8,0x00000000ec480000)
  to   space 2560K, 0% used [0x00000000ed480000,0x00000000ed480000,0x00000000ed700000)
 ParOldGen       total 42496K, used 2235K [0x00000000c1600000, 0x00000000c3f80000, 0x00000000eb200000)
  object space 42496K, 5% used [0x00000000c1600000,0x00000000c182edc8,0x00000000c3f80000)
 PSPermGen       total 21504K, used 15465K [0x00000000bc400000, 0x00000000bd900000, 0x00000000c1600000)
  object space 21504K, 71% used [0x00000000bc400000,0x00000000bd31a560,0x00000000bd900000)
Event: 2.961 GC heap after
Heap after GC invocations=4 (full 0):
 PSYoungGen      total 35328K, used 2544K [0x00000000eb200000, 0x00000000ed700000, 0x0000000100000000)
  eden space 32768K, 0% used [0x00000000eb200000,0x00000000eb200000,0x00000000ed200000)
  from space 2560K, 99% used [0x00000000ed480000,0x00000000ed6fc040,0x00000000ed700000)
  to   space 2560K, 0% used [0x00000000ed200000,0x00000000ed200000,0x00000000ed480000)
 ParOldGen       total 42496K, used 3993K [0x00000000c1600000, 0x00000000c3f80000, 0x00000000eb200000)
  object space 42496K, 9% used [0x00000000c1600000,0x00000000c19e6708,0x00000000c3f80000)
 PSPermGen       total 21504K, used 15465K [0x00000000bc400000, 0x00000000bd900000, 0x00000000c1600000)
  object space 21504K, 71% used [0x00000000bc400000,0x00000000bd31a560,0x00000000bd900000)
}
Event: 3.456 GC heap before
{Heap before GC invocations=5 (full 0):
 PSYoungGen      total 35328K, used 35312K [0x00000000eb200000, 0x00000000ed700000, 0x0000000100000000)
  eden space 32768K, 100% used [0x00000000eb200000,0x00000000ed200000,0x00000000ed200000)
  from space 2560K, 99% used [0x00000000ed480000,0x00000000ed6fc040,0x00000000ed700000)
  to   space 2560K, 0% used [0x00000000ed200000,0x00000000ed200000,0x00000000ed480000)
 ParOldGen       total 42496K, used 3993K [0x00000000c1600000, 0x00000000c3f80000, 0x00000000eb200000)
  object space 42496K, 9% used [0x00000000c1600000,0x00000000c19e6708,0x00000000c3f80000)
 PSPermGen       total 21504K, used 15993K [0x00000000bc400000, 0x00000000bd900000, 0x00000000c1600000)
  object space 21504K, 74% used [0x00000000bc400000,0x00000000bd39e408,0x00000000bd900000)
Event: 3.468 GC heap after
Heap after GC invocations=5 (full 0):
 PSYoungGen      total 35328K, used 2528K [0x00000000eb200000, 0x00000000f0000000, 0x0000000100000000)
  eden space 32768K, 0% used [0x00000000eb200000,0x00000000eb200000,0x00000000ed200000)
  from space 2560K, 98% used [0x00000000ed200000,0x00000000ed478280,0x00000000ed480000)
  to   space 7168K, 0% used [0x00000000ef900000,0x00000000ef900000,0x00000000f0000000)
 ParOldGen       total 42496K, used 8373K [0x00000000c1600000, 0x00000000c3f80000, 0x00000000eb200000)
  object space 42496K, 19% used [0x00000000c1600000,0x00000000c1e2d780,0x00000000c3f80000)
 PSPermGen       total 21504K, used 15993K [0x00000000bc400000, 0x00000000bd900000, 0x00000000c1600000)
  object space 21504K, 74% used [0x00000000bc400000,0x00000000bd39e408,0x00000000bd900000)
}
Event: 4.071 GC heap before
{Heap before GC invocations=6 (full 0):
 PSYoungGen      total 35328K, used 35296K [0x00000000eb200000, 0x00000000f0000000, 0x0000000100000000)
  eden space 32768K, 100% used [0x00000000eb200000,0x00000000ed200000,0x00000000ed200000)
  from space 2560K, 98% used [0x00000000ed200000,0x00000000ed478280,0x00000000ed480000)
  to   space 7168K, 0% used [0x00000000ef900000,0x00000000ef900000,0x00000000f0000000)
 ParOldGen       total 42496K, used 8373K [0x00000000c1600000, 0x00000000c3f80000, 0x00000000eb200000)
  object space 42496K, 19% used [0x00000000c1600000,0x00000000c1e2d780,0x00000000c3f80000)
 PSPermGen       total 21504K, used 18472K [0x00000000bc400000, 0x00000000bd900000, 0x00000000c1600000)
  object space 21504K, 85% used [0x00000000bc400000,0x00000000bd60a2f8,0x00000000bd900000)
Event: 4.081 GC heap after
Heap after GC invocations=6 (full 0):
 PSYoungGen      total 72704K, used 5022K [0x00000000eb200000, 0x00000000f0000000, 0x0000000100000000)
  eden space 65536K, 0% used [0x00000000eb200000,0x00000000eb200000,0x00000000ef200000)
  from space 7168K, 70% used [0x00000000ef900000,0x00000000efde7b98,0x00000000f0000000)
  to   space 7168K, 0% used [0x00000000ef200000,0x00000000ef200000,0x00000000ef900000)
 ParOldGen       total 42496K, used 8381K [0x00000000c1600000, 0x00000000c3f80000, 0x00000000eb200000)
  object space 42496K, 19% used [0x00000000c1600000,0x00000000c1e2f780,0x00000000c3f80000)
 PSPermGen       total 21504K, used 18472K [0x00000000bc400000, 0x00000000bd900000, 0x00000000c1600000)
  object space 21504K, 85% used [0x00000000bc400000,0x00000000bd60a2f8,0x00000000bd900000)
}

Deoptimization events (10 events):
Event: 3.006 Thread 0x0000000002279000 Uncommon trap: reason=unreached action=reinterpret pc=0x0000000002850b78 method=java.util.HashMap.containsKey(Ljava/lang/Object;)Z @ 5
Event: 3.063 Thread 0x0000000002279000 Uncommon trap: reason=uninitialized action=reinterpret pc=0x00000000028667fc method=com.google.appengine.tools.development.agent.impl.BlackList.initBlackList()V @ 174
Event: 3.088 Thread 0x0000000002279000 Uncommon trap: reason=class_check action=maybe_recompile pc=0x000000000282af80 method=sun.misc.URLClassPath.getResource(Ljava/lang/String;Z)Lsun/misc/Resource; @ 53
Event: 3.973 Thread 0x0000000002279000 Uncommon trap: reason=class_check action=maybe_recompile pc=0x00000000028129b4 method=java.lang.SecurityManager.checkPackageAccess(Ljava/lang/String;)V @ 143
Event: 4.145 Thread 0x0000000009ff2000 Uncommon trap: reason=class_check action=maybe_recompile pc=0x00000000028129b4 method=java.lang.SecurityManager.checkPackageAccess(Ljava/lang/String;)V @ 143
Event: 4.164 Thread 0x000000000c3dd800 Uncommon trap: reason=bimorphic action=maybe_recompile pc=0x000000000284d41c method=java.util.HashMap.put(Ljava/lang/Object;Ljava/lang/Object;)Ljava/lang/Object; @ 83
Event: 4.180 Thread 0x000000000c3dd800 Uncommon trap: reason=class_check action=maybe_recompile pc=0x000000000280db1c method=java.util.regex.Matcher.search(I)Z @ 86
Event: 4.180 Thread 0x000000000c3dd800 Uncommon trap: reason=class_check action=maybe_recompile pc=0x000000000280db1c method=java.util.regex.Matcher.search(I)Z @ 86
Event: 4.180 Thread 0x000000000c3dd800 Uncommon trap: reason=class_check action=maybe_recompile pc=0x000000000280db1c method=java.util.regex.Matcher.search(I)Z @ 86
Event: 4.180 Thread 0x000000000c3dd800 Uncommon trap: reason=class_check action=maybe_recompile pc=0x000000000280db1c method=java.util.regex.Matcher.search(I)Z @ 86

Internal exceptions (10 events):
Event: 4.004 Thread 0x0000000002279000 Threw 0x00000000ece9c2a8 at C:\jdk7u2_64p\jdk7u40\hotspot\src\share\vm\prims\jvm.cpp:1244
Event: 4.006 Thread 0x0000000002279000 Threw 0x00000000eceacff8 at C:\jdk7u2_64p\jdk7u40\hotspot\src\share\vm\prims\jvm.cpp:1244
Event: 4.007 Thread 0x0000000002279000 Threw 0x00000000eceb0508 at C:\jdk7u2_64p\jdk7u40\hotspot\src\share\vm\prims\jvm.cpp:1244
Event: 4.009 Thread 0x0000000002279000 Threw 0x00000000eceb8518 at C:\jdk7u2_64p\jdk7u40\hotspot\src\share\vm\prims\jvm.cpp:1244
Event: 4.010 Thread 0x0000000002279000 Threw 0x00000000ecec3618 at C:\jdk7u2_64p\jdk7u40\hotspot\src\share\vm\prims\jvm.cpp:1244
Event: 4.010 Thread 0x0000000002279000 Threw 0x00000000ecec6d10 at C:\jdk7u2_64p\jdk7u40\hotspot\src\share\vm\prims\jvm.cpp:1244
Event: 4.093 Thread 0x0000000002279000 Threw 0x00000000eb30bca8 at C:\jdk7u2_64p\jdk7u40\hotspot\src\share\vm\prims\jvm.cpp:1244