#
# There is insufficient memory for the Java Runtime Environment to continue.
# Native memory allocation (malloc) failed to allocate 46736 bytes for Chunk::new
# Possible reasons:
#   The system is out of physical RAM or swap space
#   In 32 bit mode, the process size limit was hit
# Possible solutions:
#   Reduce memory load on the system
#   Increase physical memory or swap space
#   Check if swap backing store is full
#   Use 64 bit Java on a 64 bit OS
#   Decrease Java heap size (-Xmx/-Xms)
#   Decrease number of Java threads
#   Decrease Java thread stack sizes (-Xss)
#   Set larger code cache with -XX:ReservedCodeCacheSize=
# This output file may be truncated or incomplete.
#
#  Out of Memory Error (allocation.cpp:323), pid=11392, tid=11536
#
# JRE version: Java(TM) SE Runtime Environment (7.0_40-b43) (build 1.7.0_40-b43)
# Java VM: Java HotSpot(TM) 64-Bit Server VM (24.0-b56 mixed mode windows-amd64 compressed oops)
# Failed to write core dump. Minidumps are not enabled by default on client versions of Windows
#

---------------  T H R E A D  ---------------

Current thread (0x0000000009c2c000):  JavaThread "C2 CompilerThread0" daemon [_thread_in_native, id=11536, stack(0x000000000a0c0000,0x000000000a1c0000)]

Stack: [0x000000000a0c0000,0x000000000a1c0000]

Current CompileTask:
C2:   9025  239             java.net.URI$Parser::scan (50 bytes)


---------------  P R O C E S S  ---------------

Java Threads: ( => current thread )
  0x000000000c34a000 JavaThread "519236247@qtp-904535247-2" [_thread_in_vm, id=5268, stack(0x000000000cbb0000,0x000000000ccb0000)]
  0x000000000bfc8800 JavaThread "Timer-0" daemon [_thread_blocked, id=1664, stack(0x000000000ca90000,0x000000000cb90000)]
  0x0000000009fef000 JavaThread "1175941457@qtp-904535247-1 - Acceptor0 SelectChannelConnector@127.0.0.1:8080" [_thread_in_native, id=11520, stack(0x000000000b960000,0x000000000ba60000)]
  0x0000000009cc6800 JavaThread "Monitor Ctrl-Break" daemon [_thread_in_native, id=7916, stack(0x000000000a580000,0x000000000a680000)]
  0x0000000009c2d800 JavaThread "Service Thread" daemon [_thread_blocked, id=8952, stack(0x000000000a340000,0x000000000a440000)]
  0x0000000009c2d000 JavaThread "C2 CompilerThread1" daemon [_thread_blocked, id=11588, stack(0x00000000099e0000,0x0000000009ae0000)]
=>0x0000000009c2c000 JavaThread "C2 CompilerThread0" daemon [_thread_in_native, id=11536, stack(0x000000000a0c0000,0x000000000a1c0000)]
  0x0000000008390000 JavaThread "Attach Listener" daemon [_thread_blocked, id=5236, stack(0x0000000009af0000,0x0000000009bf0000)]
  0x0000000008388800 JavaThread "Signal Dispatcher" daemon [_thread_blocked, id=11900, stack(0x0000000009730000,0x0000000009830000)]
  0x0000000008332800 JavaThread "Finalizer" daemon [_thread_blocked, id=9596, stack(0x0000000009850000,0x0000000009950000)]
  0x000000000832f800 JavaThread "Reference Handler" daemon [_thread_blocked, id=10088, stack(0x0000000009610000,0x0000000009710000)]
  0x0000000002109000 JavaThread "main" [_thread_blocked, id=12572, stack(0x0000000002260000,0x0000000002360000)]

Other Threads:
  0x000000000832b800 VMThread [stack: 0x00000000094d0000,0x00000000095d0000] [id=11508]
  0x0000000009c6b000 WatcherThread [stack: 0x000000000a200000,0x000000000a300000] [id=10860]

VM state:not at safepoint (normal execution)

VM Mutex/Monitor currently owned by a thread:  ([mutex/lock_event])
[0x000000000056d270] SystemDictionary_lock - owner thread: 0x0000000000000000

Heap
 PSYoungGen      total 72704K, used 11332K [0x00000000eb200000, 0x00000000f0000000, 0x0000000100000000)
  eden space 65536K, 9% used [0x00000000eb200000,0x00000000eb8125c8,0x00000000ef200000)
  from space 7168K, 71% used [0x00000000ef900000,0x00000000efdfebb8,0x00000000f0000000)
  to   space 7168K, 0% used [0x00000000ef200000,0x00000000ef200000,0x00000000ef900000)
 ParOldGen       total 42496K, used 8376K [0x00000000c1600000, 0x00000000c3f80000, 0x00000000eb200000)
  object space 42496K, 19% used [0x00000000c1600000,0x00000000c1e2e250,0x00000000c3f80000)
 PSPermGen       total 21504K, used 19639K [0x00000000bc400000, 0x00000000bd900000, 0x00000000c1600000)
  object space 21504K, 91% used [0x00000000bc400000,0x00000000bd72dfd0,0x00000000bd900000)

Card table byte_map: [0x0000000005560000,0x0000000005780000] byte_map_base: 0x0000000004f7e000

Polling page: 0x0000000000460000

Code Cache  [0x00000000024a0000, 0x0000000002710000, 0x00000000054a0000)
 total_blobs=557 nmethods=233 adapters=276 free_code_cache=48001Kb largest_free_block=49115264

Compilation events (10 events):
Event: 4.155 Thread 0x0000000009c2d000  235   !         java.util.zip.ZipFile::getEntry (86 bytes)
Event: 4.158 Thread 0x0000000009c2d000 nmethod 235 0x000000000252edd0 code [0x000000000252ef40, 0x000000000252f430]
Event: 4.160 Thread 0x0000000009c2d000  237             org.mortbay.io.ByteArrayBuffer::hashCode (124 bytes)
Event: 4.163 Thread 0x0000000009c2d000 nmethod 237 0x00000000025bd510 code [0x00000000025bd640, 0x00000000025bd898]
Event: 4.213 Thread 0x0000000009c2c000 nmethod 232 0x00000000025c5250 code [0x00000000025c54e0, 0x00000000025c7300]
Event: 9.008 Thread 0x0000000009c2d000  238             java.net.URI$Parser::scan (73 bytes)
Event: 9.010 Thread 0x0000000009c2c000  239             java.net.URI$Parser::scan (50 bytes)
Event: 9.012 Thread 0x0000000009c2d000 nmethod 238 0x000000000252e4d0 code [0x000000000252e620, 0x000000000252e7e8]
Event: 9.012 Thread 0x0000000009c2d000  240             java.net.URI::access$300 (7 bytes)
Event: 9.013 Thread 0x0000000009c2d000 nmethod 240 0x00000000025bd950 code [0x00000000025bda80, 0x00000000025bdaf8]

GC Heap History (10 events):
Event: 1.726 GC heap before
{Heap before GC invocations=2 (full 0):
 PSYoungGen      total 18944K, used 18879K [0x00000000eb200000, 0x00000000ec700000, 0x0000000100000000)
  eden space 16384K, 100% used [0x00000000eb200000,0x00000000ec200000,0x00000000ec200000)
  from space 2560K, 97% used [0x00000000ec200000,0x00000000ec46fce8,0x00000000ec480000)
  to   space 2560K, 0% used [0x00000000ec480000,0x00000000ec480000,0x00000000ec700000)
 ParOldGen       total 42496K, used 8K [0x00000000c1600000, 0x00000000c3f80000, 0x00000000eb200000)
  object space 42496K, 0% used [0x00000000c1600000,0x00000000c1602000,0x00000000c3f80000)
 PSPermGen       total 21504K, used 11965K [0x00000000bc400000, 0x00000000bd900000, 0x00000000c1600000)
  object space 21504K, 55% used [0x00000000bc400000,0x00000000bcfaf798,0x00000000bd900000)
Event: 1.733 GC heap after
Heap after GC invocations=2 (full 0):
 PSYoungGen      total 18944K, used 2530K [0x00000000eb200000, 0x00000000ec700000, 0x0000000100000000)
  eden space 16384K, 0% used [0x00000000eb200000,0x00000000eb200000,0x00000000ec200000)
  from space 2560K, 98% used [0x00000000ec480000,0x00000000ec6f8b88,0x00000000ec700000)
  to   space 2560K, 0% used [0x00000000ec200000,0x00000000ec200000,0x00000000ec480000)
 ParOldGen       total 42496K, used 1245K [0x00000000c1600000, 0x00000000c3f80000, 0x00000000eb200000)
  object space 42496K, 2% used [0x00000000c1600000,0x00000000c1737638,0x00000000c3f80000)
 PSPermGen       total 21504K, used 11965K [0x00000000bc400000, 0x00000000bd900000, 0x00000000c1600000)
  object space 21504K, 55% used [0x00000000bc400000,0x00000000bcfaf798,0x00000000bd900000)
}
Event: 2.215 GC heap before
{Heap before GC invocations=3 (full 0):
 PSYoungGen      total 18944K, used 18914K [0x00000000eb200000, 0x00000000ec700000, 0x0000000100000000)
  eden space 16384K, 100% used [0x00000000eb200000,0x00000000ec200000,0x00000000ec200000)
  from space 2560K, 98% used [0x00000000ec480000,0x00000000ec6f8b88,0x00000000ec700000)
  to   space 2560K, 0% used [0x00000000ec200000,0x00000000ec200000,0x00000000ec480000)
 ParOldGen       total 42496K, used 1245K [0x00000000c1600000, 0x00000000c3f80000, 0x00000000eb200000)
  object space 42496K, 2% used [0x00000000c1600000,0x00000000c1737638,0x00000000c3f80000)
 PSPermGen       total 21504K, used 14076K [0x00000000bc400000, 0x00000000bd900000, 0x00000000c1600000)
  object space 21504K, 65% used [0x00000000bc400000,0x00000000bd1bf068,0x00000000bd900000)
Event: 2.236 GC heap after
Heap after GC invocations=3 (full 0):
 PSYoungGen      total 18944K, used 2552K [0x00000000eb200000, 0x00000000ed700000, 0x0000000100000000)
  eden space 16384K, 0% used [0x00000000eb200000,0x00000000eb200000,0x00000000ec200000)
  from space 2560K, 99% used [0x00000000ec200000,0x00000000ec47e3d8,0x00000000ec480000)
  to   space 2560K, 0% used [0x00000000ed480000,0x00000000ed480000,0x00000000ed700000)
 ParOldGen       total 42496K, used 2261K [0x00000000c1600000, 0x00000000c3f80000, 0x00000000eb200000)
  object space 42496K, 5% used [0x00000000c1600000,0x00000000c18356c8,0x00000000c3f80000)
 PSPermGen       total 21504K, used 14076K [0x00000000bc400000, 0x00000000bd900000, 0x00000000c1600000)
  object space 21504K, 65% used [0x00000000bc400000,0x00000000bd1bf068,0x00000000bd900000)
}
Event: 2.852 GC heap before
{Heap before GC invocations=4 (full 0):
 PSYoungGen      total 18944K, used 18936K [0x00000000eb200000, 0x00000000ed700000, 0x0000000100000000)
  eden space 16384K, 100% used [0x00000000eb200000,0x00000000ec200000,0x00000000ec200000)
  from space 2560K, 99% used [0x00000000ec200000,0x00000000ec47e3d8,0x00000000ec480000)
  to   space 2560K, 0% used [0x00000000ed480000,0x00000000ed480000,0x00000000ed700000)
 ParOldGen       total 42496K, used 2261K [0x00000000c1600000, 0x00000000c3f80000, 0x00000000eb200000)
  object space 42496K, 5% used [0x00000000c1600000,0x00000000c18356c8,0x00000000c3f80000)
 PSPermGen       total 21504K, used 15450K [0x00000000bc400000, 0x00000000bd900000, 0x00000000c1600000)
  object space 21504K, 71% used [0x00000000bc400000,0x00000000bd316ac0,0x00000000bd900000)
Event: 2.861 GC heap after
Heap after GC invocations=4 (full 0):
 PSYoungGen      total 35328K, used 2544K [0x00000000eb200000, 0x00000000ed700000, 0x0000000100000000)
  eden space 32768K, 0% used [0x00000000eb200000,0x00000000eb200000,0x00000000ed200000)
  from space 2560K, 99% used [0x00000000ed480000,0x00000000ed6fc040,0x00000000ed700000)
  to   space 2560K, 0% used [0x00000000ed200000,0x00000000ed200000,0x00000000ed480000)
 ParOldGen       total 42496K, used 4013K [0x00000000c1600000, 0x00000000c3f80000, 0x00000000eb200000)
  object space 42496K, 9% used [0x00000000c1600000,0x00000000c19eb4a0,0x00000000c3f80000)
 PSPermGen       total 21504K, used 15450K [0x00000000bc400000, 0x00000000bd900000, 0x00000000c1600000)
  object space 21504K, 71% used [0x00000000bc400000,0x00000000bd316ac0,0x00000000bd900000)
}
Event: 3.369 GC heap before
{Heap before GC invocations=5 (full 0):
 PSYoungGen      total 35328K, used 35312K [0x00000000eb200000, 0x00000000ed700000, 0x0000000100000000)
  eden space 32768K, 100% used [0x00000000eb200000,0x00000000ed200000,0x00000000ed200000)
  from space 2560K, 99% used [0x00000000ed480000,0x00000000ed6fc040,0x00000000ed700000)
  to   space 2560K, 0% used [0x00000000ed200000,0x00000000ed200000,0x00000000ed480000)
 ParOldGen       total 42496K, used 4013K [0x00000000c1600000, 0x00000000c3f80000, 0x00000000eb200000)
  object space 42496K, 9% used [0x00000000c1600000,0x00000000c19eb4a0,0x00000000c3f80000)
 PSPermGen       total 21504K, used 15977K [0x00000000bc400000, 0x00000000bd900000, 0x00000000c1600000)
  object space 21504K, 74% used [0x00000000bc400000,0x00000000bd39a6e0,0x00000000bd900000)
Event: 3.395 GC heap after
Heap after GC invocations=5 (full 0):
 PSYoungGen      total 35328K, used 2528K [0x00000000eb200000, 0x00000000f0000000, 0x0000000100000000)
  eden space 32768K, 0% used [0x00000000eb200000,0x00000000eb200000,0x00000000ed200000)
  from space 2560K, 98% used [0x00000000ed200000,0x00000000ed478050,0x00000000ed480000)
  to   space 7168K, 0% used [0x00000000ef900000,0x00000000ef900000,0x00000000f0000000)
 ParOldGen       total 42496K, used 8368K [0x00000000c1600000, 0x00000000c3f80000, 0x00000000eb200000)
  object space 42496K, 19% used [0x00000000c1600000,0x00000000c1e2c250,0x00000000c3f80000)
 PSPermGen       total 21504K, used 15977K [0x00000000bc400000, 0x00000000bd900000, 0x00000000c1600000)
  object space 21504K, 74% used [0x00000000bc400000,0x00000000bd39a6e0,0x00000000bd900000)
}
Event: 4.022 GC heap before
{Heap before GC invocations=6 (full 0):
 PSYoungGen      total 35328K, used 35296K [0x00000000eb200000, 0x00000000f0000000, 0x0000000100000000)
  eden space 32768K, 100% used [0x00000000eb200000,0x00000000ed200000,0x00000000ed200000)
  from space 2560K, 98% used [0x00000000ed200000,0x00000000ed478050,0x00000000ed480000)
  to   space 7168K, 0% used [0x00000000ef900000,0x00000000ef900000,0x00000000f0000000)
 ParOldGen       total 42496K, used 8368K [0x00000000c1600000, 0x00000000c3f80000, 0x00000000eb200000)
  object space 42496K, 19% used [0x00000000c1600000,0x00000000c1e2c250,0x00000000c3f80000)
 PSPermGen       total 21504K, used 18459K [0x00000000bc400000, 0x00000000bd900000, 0x00000000c1600000)
  object space 21504K, 85% used [0x00000000bc400000,0x00000000bd606ec0,0x00000000bd900000)
Event: 4.031 GC heap after
Heap after GC invocations=6 (full 0):
 PSYoungGen      total 72704K, used 5114K [0x00000000eb200000, 0x00000000f0000000, 0x0000000100000000)
  eden space 65536K, 0% used [0x00000000eb200000,0x00000000eb200000,0x00000000ef200000)
  from space 7168K, 71% used [0x00000000ef900000,0x00000000efdfebb8,0x00000000f0000000)
  to   space 7168K, 0% used [0x00000000ef200000,0x00000000ef200000,0x00000000ef900000)
 ParOldGen       total 42496K, used 8376K [0x00000000c1600000, 0x00000000c3f80000, 0x00000000eb200000)
  object space 42496K, 19% used [0x00000000c1600000,0x00000000c1e2e250,0x00000000c3f80000)
 PSPermGen       total 21504K, used 18459K [0x00000000bc400000, 0x00000000bd900000, 0x00000000c1600000)
  object space 21504K, 85% used [0x00000000bc400000,0x00000000bd606ec0,0x00000000bd900000)
}

Deoptimization events (10 events):
Event: 2.903 Thread 0x0000000002109000 Uncommon trap: reason=unreached action=reinterpret pc=0x000000000256eb38 method=java.util.HashMap.containsKey(Ljava/lang/Object;)Z @ 5
Event: 2.971 Thread 0x0000000002109000 Uncommon trap: reason=uninitialized action=reinterpret pc=0x0000000002577cb8 method=com.google.appengine.tools.development.agent.impl.BlackList.initBlackList()V @ 174
Event: 2.991 Thread 0x0000000002109000 Uncommon trap: reason=class_check action=maybe_recompile pc=0x0000000002538850 method=sun.misc.URLClassPath.getResource(Ljava/lang/String;Z)Lsun/misc/Resource; @ 53
Event: 3.923 Thread 0x0000000002109000 Uncommon trap: reason=class_check action=maybe_recompile pc=0x0000000002522b10 method=java.lang.SecurityManager.checkPackageAccess(Ljava/lang/String;)V @ 143
Event: 4.097 Thread 0x0000000009fef000 Uncommon trap: reason=class_check action=maybe_recompile pc=0x0000000002522b10 method=java.lang.SecurityManager.checkPackageAccess(Ljava/lang/String;)V @ 143
Event: 4.115 Thread 0x000000000c34a000 Uncommon trap: reason=bimorphic action=maybe_recompile pc=0x0000000002560c5c method=java.util.HashMap.put(Ljava/lang/Object;Ljava/lang/Object;)Ljava/lang/Object; @ 83
Event: 4.131 Thread 0x000000000c34a000 Uncommon trap: reason=class_check action=maybe_recompile pc=0x000000000252439c method=java.util.regex.Matcher.search(I)Z @ 86
Event: 4.131 Thread 0x000000000c34a000 Uncommon trap: reason=class_check action=maybe_recompile pc=0x000000000252439c method=java.util.regex.Matcher.search(I)Z @ 86
Event: 4.131 Thread 0x000000000c34a000 Uncommon trap: reason=class_check action=maybe_recompile pc=0x000000000252439c method=java.util.regex.Matcher.search(I)Z @ 86
Event: 4.131 Thread 0x000000000c34a000 Uncommon trap: reason=class_check action=maybe_recompile pc=0x000000000252439c method=java.util.regex.Matcher.search(I)Z @ 86

Internal exceptions (10 events):
Event: 3.955 Thread 0x0000000002109000 Threw 0x00000000ece80870 at C:\jdk7u2_64p\jdk7u40\hotspot\src\share\vm\prims\jvm.cpp:1244
Event: 3.957 Thread 0x0000000002109000 Threw 0x00000000ece915c0 at C:\jdk7u2_64p\jdk7u40\hotspot\src\share\vm\prims\jvm.cpp:1244
Event: 3.958 Thread 0x0000000002109000 Threw 0x00000000ece94ad0 at C:\jdk7u2_64p\jdk7u40\hotspot\src\share\vm\prims\jvm.cpp:1244
Event: 3.959 Thread 0x0000000002109000 Threw 0x00000000ece9cae0 at C:\jdk7u2_64p\jdk7u40\hotspot\src\share\vm\prims\jvm.cpp:1244
Event: 3.960 Thread 0x0000000002109000 Threw 0x00000000ecea78a0 at C:\jdk7u2_64p\jdk7u40\hotspot\src\share\vm\prims\jvm.cpp:1244
Event: 3.960 Thread 0x0000000002109000 Threw 0x00000000eceaaf78 at C:\jdk7u2_64p\jdk7u40\hotspot\src\share\vm\prims\jvm.cpp:1244
Event: 4.044 Thread 0x0000000002109000 Threw 0x00000000eb2f3ad0 at C:\jdk7u2_64p\jdk7u40\hotspot\src\share\vm\prims\jvm.cpp:1244
Event: 4.108 Thread 0x0000000009fef000 Threw 0x00000000eb58aba0 at C:\jdk7u2_64p\jdk7u40\hotspot\src\share\vm\prims\jvm.cpp:1244
Event: 4.108 Thread 0x0000000009fef000 Threw 0x00000000eb594250 at C:\jdk7u2_64p\jdk7u40\hotspot\src\share\vm\prims\jvm.cpp:1244
Event: 4.108 Thread 0x0000000009fef000 Threw 0x00000000eb5971e0 at C:\jdk7u2_64p\jdk7u40\hotspot\src\share\vm\prims\jvm.cpp:1244

Events (10 events):
Event: 8.997 Executing VM operation: RevokeBias
Event: 8.997 Executing VM operation: RevokeBias done
Event: 9.005 loading class 0x000000000bfc5220
Event: 9.005 loading class 0x000000000bfc5220 done
Event: 9.012 loading class 0x000000000c9ad790
Event: 9.012 loading class 0x000000000c9ad790 done
Event: 9.013 loading class 0x000000000c9ae870
Event: 9.013 loading class 0x000000000c9ae870 done
Event: 9.016 loading class 0x000000000c9ae810
Event: 9.016 loading class 0x000000000c9ae810 done


Dynamic libraries:
0x000000013f350000 - 0x000000013f383000 	C:\Program Files\Java\jdk1.7.0_40\jre\bin\java.exe
0x0000000076e60000 - 0x0000000077009000 	C:\Windows\SYSTEM32\ntdll.dll
0x0000000076d40000 - 0x0000000076e60000 	C:\Windows\system32\kernel32.dll
0x000007fefb9a0000 - 0x000007fefba0c000 	C:\Windows\system32\KERNELBASE.dll
0x000007fefdc50000 - 0x000007fefdd2b000 	C:\Windows\system32\ADVAPI32.dll
0x000007fefdbb0000 - 0x000007fefdc4f000 	C:\Windows\system32\msvcrt.dll
0x000007fefda40000 - 0x000007fefda5f000 	C:\Windows\SYSTEM32\sechost.dll
0x000007fefd560000 - 0x000007fefd68d000 	C:\Windows\system32\RPCRT4.dll
0x0000000076c40000 - 0x0000000076d3a000 	C:\Windows\system32\USER32.dll
0x000007fefc680000 - 0x000007fefc6e7000 	C:\Windows\system32\GDI32.dll
0x000007fefc0b0000 - 0x000007fefc0be000 	C:\Windows\system32\LPK.dll
0x000007fefdae0000 - 0x000007fefdbaa000 	C:\Windows\system32\USP10.dll
0x000007fefa780000 - 0x000007fefa974000 	C:\Windows\WinSxS\amd64_microsoft.windows.common-controls_6595b64144ccf1df_6.0.7601.18837_none_fa3b1e3d17594757\COMCTL32.dll
0x000007fefda60000 - 0x000007fefdad1000 	C:\Windows\system32\SHLWAPI.dll
0x000007fefc160000 - 0x000007fefc18e000 	C:\Windows\system32\IMM32.DLL
0x000007fefdd30000 - 0x000007fefde39000 	C:\Windows\system32\MSCTF.dll
0x000007fef36a0000 - 0x000007fef3731000 	C:\Program Files (x86)\AVG\AVG2015\avghooka.dll
0x0000000060b00000 - 0x0000000060bd1000 	C:\Program Files\Java\jdk1.7.0_40\jre\bin\msvcr100.dll
0x000000006e5b0000 - 0x000000006ed79000 	C:\Program Files\Java\jdk1.7.0_40\jre\bin\server\jvm.dll
0x000007fefaca0000 - 0x000007fefaca9000 	C:\Windows\system32\WSOCK32.dll
0x000007fefd510000 - 0x000007fefd55d000 	C:\Windows\system32\WS2_32.dll
0x000007fefc770000 - 0x000007fefc778000 	C:\Windows\system32\NSI.dll
0x000007fef9720000 - 0x000007fef975b000 	C:\Windows\system32\WINMM.dll
0x0000000077020000 - 0x0000000077027000 	C:\Windows\system32\PSAPI.DLL
0x0000000068600000 - 0x000000006860f000 	C:\Program Files\Java\jdk1.7.0_40\jre\bin\verify.dll
0x0000000067500000 - 0x0000000067528000 	C:\Program Files\Java\jdk1.7.0_40\jre\bin\java.dll
0x0000000067030000 - 0x0000000067053000 	C:\Program Files\Java\jdk1.7.0_40\jre\bin\instrument.dll
0x00000000674e0000 - 0x00000000674f5000 	C:\Program Files\Java\jdk1.7.0_40\jre\bin\zip.dll
0x000007fefa0b0000 - 0x000007fefa0c0000 	C:\Program Files (x86)\JetBrains\IntelliJ IDEA 14.1.5\bin\breakgen64.dll
0x00000000674c0000 - 0x00000000674d9000 	C:\Program Files\Java\jdk1.7.0_40\jre\bin\net.dll
0x000007fefb120000 - 0x000007fefb175000 	C:\Windows\system32\mswsock.dll
0x000007fefb220000 - 0x000007fefb227000 	C:\Windows\System32\wship6.dll
0x000007fefb260000 - 0x000007fefb278000 	C:\Windows\system32\CRYPTSP.dll
0x000007fefae30000 - 0x000007fefae77000 	C:\Windows\system32\rsaenh.dll
0x000007fefb8f0000 - 0x000007fefb90e000 	C:\Windows\system32\USERENV.dll
0x000007fefb8d0000 - 0x000007fefb8df000 	C:\Windows\system32\profapi.dll
0x000007fefb710000 - 0x000007fefb71f000 	C:\Windows\system32\CRYPTBASE.dll
0x000007fef8bd0000 - 0x000007fef8be5000 	C:\Windows\system32\NLAapi.dll
0x000007fef3190000 - 0x000007fef31a5000 	C:\Windows\system32\napinsp.dll
0x000007fef3050000 - 0x000007fef3069000 	C:\Windows\system32\pnrpnsp.dll
0x000007fefad90000 - 0x000007fefadeb000 	C:\Windows\system32\DNSAPI.dll
0x000007fef3040000 - 0x000007fef304b000 	C:\Windows\System32\winrnr.dll
0x000007fef2ff0000 - 0x000007fef3000000 	C:\Windows\system32\wshbth.dll
0x000007fef35c0000 - 0x000007fef35ef000 	C:\Program Files\Common Files\Microsoft Shared\Windows Live\WLIDNSP.DLL
0x0000000072570000 - 0x0000000072596000 	C:\Program Files\Bonjour\mdnsNSP.dll
0x000007fef7d70000 - 0x000007fef7d97000 	C:\Windows\system32\Iphlpapi.DLL
0x000007fef7d60000 - 0x000007fef7d6b000 	C:\Windows\system32\WINNSI.DLL
0x000007fefa560000 - 0x000007fefa567000 	C:\Windows\System32\wshtcpip.dll
0x000007fef3530000 - 0x000007fef3538000 	C:\Windows\system32\rasadhlp.dll
0x000007fef7c20000 - 0x000007fef7c73000 	C:\Windows\System32\fwpuclnt.dll
0x00000000671f0000 - 0x0000000067201000 	C:\Program Files\Java\jdk1.7.0_40\jre\bin\nio.dll

VM Arguments:
jvm_args: -javaagent:C:/Users/davidmunro/Documents/appengine-java-sdk-1.9.30/lib/agent/appengine-agent.jar -Xbootclasspath/p:C:/Users/davidmunro/Documents/appengine-java-sdk-1.9.30/lib/override/appengine-dev-jdk-overrides.jar -Didea.launcher.port=7535 -Didea.launcher.bin.path=C:\Program Files (x86)\JetBrains\IntelliJ IDEA 14.1.5\bin -Dfile.encoding=windows-1252 
java_command: com.intellij.rt.execution.application.AppMain com.google.appengine.tools.development.DevAppServerMain -p 8080 --disable_update_check C:\Users\davidmunro\IdeaProjects\Frendz\out\artifacts\Frendz_ear_exploded
Launcher Type: SUN_STANDARD

Environment Variables:
JAVA_HOME=C:\Program Files\Java\jdk1.8.0_45
JRE_HOME=C:\Program Files\Java\jre1.8.0_60
CLASSPATH=C:\Program Files\Java\jre1.8.0_60\bin;C:\xampp\tomcat\lib\servlet-api
PATH=C:\ProgramData\Oracle\Java\javapath;C:\Program Files (x86)\ActiveState Komodo Edit 9\;C:\Program Files\Dell\DW WLAN Card;C:\PROGRAM FILES\COMMON FILES\MICROSOFT SHARED\WINDOWS LIVE;C:\PROGRAM FILES (X86)\COMMON FILES\MICROSOFT SHARED\WINDOWS LIVE;C:\PROGRAM FILES (X86)\INTEL\ICLS CLIENT\;C:\PROGRAM FILES\INTEL\ICLS CLIENT\;C:\Windows\SYSTEM32;C:\Windows;C:\Windows\SYSTEM32\WBEM;C:\Windows\SYSTEM32\WINDOWSPOWERSHELL\V1.0\;C:\PROGRAM FILES\DELL\DELL DATA PROTECTION\ACCESS\ADVANCED\WAVE\GEMALTO\ACCESS CLIENT\V5\;C:\PROGRAM FILES (X86)\SECURITY INNOVATION\SI TSS\BIN\;C:\PROGRAM FILES (X86)\WINDOWS LIVE\SHARED";C:\PROGRAM FILES\JAVA\JDK1.7.0_25\BIN";C:\PROGRAM FILES (X86)\INTEL\OPENCL SDK\2.0\BIN\X86;C:\PROGRAM FILES (X86)\INTEL\OPENCL SDK\2.0\BIN\X64;C:\PROGRAM FILES (X86)\MYSQL\MYSQL UTILITIES 1.3.4\;C:\PROGRAM FILES\INTEL\INTEL(R) MANAGEMENT ENGINE COMPONENTS\DAL;C:\PROGRAM FILES\INTEL\INTEL(R) MANAGEMENT ENGINE COMPONENTS\IPT;C:\PROGRAM FILES (X86)\INTEL\INTEL(R) MANAGEMENT ENGINE COMPONENTS\DAL;C:\PROGRAM FILES (X86)\INTEL\INTEL(R) MANAGEMENT ENGINE COMPONENTS\IPT;C:\Program Files\WIDCOMM\Bluetooth Software\;C:\Program Files\WIDCOMM\Bluetooth Software\syswow64;C:\Program Files\Intel\Intel(R) Management Engine Components\DAL;C:\Program Files\Intel\Intel(R) Management Engine Components\IPT;C:\Program Files (x86)\Intel\Intel(R) Management Engine Components\DAL;C:\Program Files (x86)\Intel\Intel(R) Management Engine Components\IPT;C:\Program Files\Java\jdk1.8.0_45\bin;C:\Program Files (x86)\Intel\OpenCL SDK\2.0\bin\x86;C:\Program Files (x86)\Intel\OpenCL SDK\2.0\bin\x64;C:\Program Files\Microsoft SQL Server\110\Tools\Binn\;C:\Program Files\Microsoft SQL Server\120\Tools\Binn\;C:\Program Files (x86)\QuickTime\QTSystem\;C:\Program Files (x86)\Skype\Phone\;C:\Users\davidmunro\AppData\Local\Programs\Python\Python35-32\Scripts\;C:\Users\davidmunro\AppData\Local\Programs\Python\Python35-32\;C:\Program Files\Java\jdk1.8.0_45\bin
USERNAME=davidmunro
OS=Windows_NT
PROCESSOR_IDENTIFIER=Intel64 Family 6 Model 58 Stepping 9, GenuineIntel



---------------  S Y S T E M  ---------------

OS: Windows 7 , 64 bit Build 7601 Service Pack 1

CPU:total 4 (2 cores per cpu, 2 threads per core) family 6 model 58 stepping 9, cmov, cx8, fxsr, mmx, sse, sse2, sse3, ssse3, sse4.1, sse4.2, popcnt, avx, aes, erms, ht, tsc, tscinvbit, tscinv

Memory: 4k page, physical 4096940k(364232k free), swap 6324200k(5124k free)

vm_info: Java HotSpot(TM) 64-Bit Server VM (24.0-b56) for windows-amd64 JRE (1.7.0_40-b43), built on Aug 26 2013 22:38:32 by "java_re" with unknown MS VC++:1600

time: Mon Dec 14 10:38:58 2015
elapsed time: 9 seconds

